log started: Tue Apr 17 20:16:29 2018

Log file: ./leap.log
>> # ----- NOTE: this is designed for PDB format 3!
>> #	Uses ff99bsc0+bsc1 for DNA
>> #               (ff99): Wang et al. J. Comp. Chem. 21: 1049, 2000
>> #               (bsc0): Perez et al. Biophys J. 92: 3817, 2007
>> #               (bsc1): Ivani et al. Nature Methods 13: 55, 2016
>> #	load atom type hybridizations
>> #
>> addAtomTypes {
>> 	{ "H"   "H" "sp3" }
>> 	{ "HO"  "H" "sp3" }
>> 	{ "HS"  "H" "sp3" }
>> 	{ "H1"  "H" "sp3" }
>> 	{ "H2"  "H" "sp3" }
>> 	{ "H3"  "H" "sp3" }
>> 	{ "H4"  "H" "sp3" }
>> 	{ "H5"  "H" "sp3" }
>> 	{ "HW"  "H" "sp3" }
>> 	{ "HC"  "H" "sp3" }
>> 	{ "HA"  "H" "sp3" }
>> 	{ "HP"  "H" "sp3" }
>> 	{ "HZ"  "H" "sp3" }
>> 	{ "OH"  "O" "sp3" }
>> 	{ "OS"  "O" "sp3" }
>> 	{ "O"   "O" "sp2" }
>> 	{ "O2"  "O" "sp2" }
>> 	{ "OP"  "O" "sp2" }
>> 	{ "OW"  "O" "sp3" }
>> 	{ "CT"  "C" "sp3" }
>> 	{ "CX"  "C" "sp3" }
>> 	{ "C8"  "C" "sp3" }
>> 	{ "2C"  "C" "sp3" }
>> 	{ "3C"  "C" "sp3" }
>> 	{ "CH"  "C" "sp3" }
>> 	{ "CS"  "C" "sp2" }
>> 	{ "C"   "C" "sp2" }
>> 	{ "CO"  "C" "sp2" }
>> 	{ "C*"  "C" "sp2" }
>> 	{ "CA"  "C" "sp2" }
>> 	{ "CB"  "C" "sp2" }
>> 	{ "CC"  "C" "sp2" }
>> 	{ "CN"  "C" "sp2" }
>> 	{ "CM"  "C" "sp2" }
>> 	{ "CK"  "C" "sp2" }
>> 	{ "CQ"  "C" "sp2" }
>> 	{ "CD"  "C" "sp2" }
>> 	{ "C5"  "C" "sp2" }
>> 	{ "C4"  "C" "sp2" }
>> 	{ "CP"  "C" "sp2" }
>> 	{ "CI"  "C" "sp3" }
>> 	{ "CJ"  "C" "sp2" }
>> 	{ "CW"  "C" "sp2" }
>> 	{ "CV"  "C" "sp2" }
>> 	{ "CR"  "C" "sp2" }
>> 	{ "CA"  "C" "sp2" }
>> 	{ "CY"  "C" "sp2" }
>> 	{ "C0"  "Ca" "sp3" }
>> 	{ "MG"  "Mg" "sp3" }
>> 	{ "N"   "N" "sp2" }
>> 	{ "NA"  "N" "sp2" }
>> 	{ "N2"  "N" "sp2" }
>> 	{ "N*"  "N" "sp2" }
>> 	{ "NP"  "N" "sp2" }
>> 	{ "NQ"  "N" "sp2" }
>> 	{ "NB"  "N" "sp2" }
>> 	{ "NC"  "N" "sp2" }
>> 	{ "NT"  "N" "sp3" }
>> 	{ "NY"  "N" "sp2" }
>> 	{ "N3"  "N" "sp3" }
>> 	{ "S"   "S" "sp3" }
>> 	{ "SH"  "S" "sp3" }
>> 	{ "P"   "P" "sp3" }
>> 	{ "LP"  ""  "sp3" }
>> 	{ "EP"  ""  "sp3" }
>> 	{ "F"   "F" "sp3" }
>> 	{ "Cl"  "Cl" "sp3" }
>> 	{ "Br"  "Br" "sp3" }
>> 	{ "I"   "I"  "sp3" }
>> 	{ "F-"   "F" "sp3" }
>> 	{ "Cl-"  "Cl" "sp3" }
>> 	{ "Br-"  "Br" "sp3" }
>> 	{ "I-"   "I"  "sp3" }
>> 	{ "Li+"  "Li"  "sp3" }
>> 	{ "Na+"  "Na"  "sp3" }
>> 	{ "K+"  "K"  "sp3" }
>> 	{ "Rb+"  "Rb"  "sp3" }
>> 	{ "Cs+"  "Cs"  "sp3" }
>> 	{ "Mg+"  "Mg"  "sp3" }
>> }
>> 
>> #
>> #	Load the main parameter set.
>> #
>> 
>> parm10 = loadamberparams parm10.dat
Loading parameters: /Users/kristofarkas/anaconda3/dat/leap/parm/parm10.dat
Reading title:
PARM99 + frcmod.ff99SB + frcmod.parmbsc0 + OL3 for RNA
(UNKNOWN ATOM TYPE: Zn)
(UNKNOWN ATOM TYPE: EP)
>> 
>> #
>> #	Load nucleic acids
>> #
>> 
>> addPdbResMap {
>>   { 0 "DG" "DG5"  } { 1 "DG" "DG3"  }  
>>   { 0 "DA" "DA5"  } { 1 "DA" "DA3"  }  
>>   { 0 "DC" "DC5"  } { 1 "DC" "DC3"  }  
>>   { 0 "DT" "DT5"  } { 1 "DT" "DT3"  }  
>> #  some really old Amber residue names, assuming DNA:
>>   { 0 "GUA" "DG5"  } { 1 "GUA" "DG3"  } { "GUA" "DG" }
>>   { 0 "ADE" "DA5"  } { 1 "ADE" "DA3"  } { "ADE" "DA" }
>>   { 0 "CYT" "DC5"  } { 1 "CYT" "DC3"  } { "CYT" "DC" }
>>   { 0 "THY" "DT5"  } { 1 "THY" "DT3"  } { "THY" "DT" }
>> 
>> }
>> 
>> #  try to be good about reading in really old atom names as well:
>> addPdbAtomMap {
>>   { "O5*" "O5'" }
>>   { "C5*" "C5'" }
>>   { "C4*" "C4'" }
>>   { "O4*" "O4'" }
>>   { "C3*" "C3'" }
>>   { "O3*" "O3'" }
>>   { "C2*" "C2'" }
>>   { "O2*" "O2'" }
>>   { "C1*" "C1'" }
>>   { "C5M" "C7"  }
>>   { "H1*" "H1'" }
>>   { "H2*1" "H2'" }
>>   { "'H2'" "H2''" }
>>   { "H2*2" "H2''" }
>>   { "H2'1" "H2'" }
>>   { "H2'2" "H2''" }
>>   { "H3*" "H3'" }
>>   { "H4*" "H4'" }
>>   { "H5*1" "H5'" }
>>   { "H5*2" "H5''" }
>>   { "H5'1" "H5'" }
>>   { "H5'2" "H5''" }
>>   { "'H5'" "H5''" }
>>   { "HO'2" "HO2'" }
>>   { "H5T"  "HO5'" }
>>   { "H3T"  "HO3'" }
>>   { "O1'" "O4'" }
>>   { "OA"  "OP1" }
>>   { "OB"  "OP2" }
>>   { "O1P" "OP1" }
>>   { "O2P" "OP2" }
>> }
>> 
>> #
>> # Load parameters for BSC1
>> #
>> addAtomTypes {
>>   { "C1" "C" "sp2" }
>>   { "C2" "C" "sp2" }
>>   { "CI" "C" "sp3" }
>>   { "CE" "C" "sp3" }
>>  }
>> 
>> loadoff parmBSC1.lib
Loading library: /Users/kristofarkas/anaconda3/dat/leap/lib/parmBSC1.lib
Loading: DA
Loading: DA3
Loading: DA5
Loading: DAN
Loading: DC
Loading: DC3
Loading: DC5
Loading: DCN
Loading: DG
Loading: DG3
Loading: DG5
Loading: DGN
Loading: DT
Loading: DT3
Loading: DT5
Loading: DTN
>> loadamberparams frcmod.parmbsc1
Loading parameters: /Users/kristofarkas/anaconda3/dat/leap/parm/frcmod.parmbsc1
Reading force field modification type file (frcmod)
Reading title:
Parmbsc1 force-field for DNA
> 
> source leaprc.gaff2
----- Source: /Users/kristofarkas/anaconda3/dat/leap/cmd/leaprc.gaff2
----- Source of /Users/kristofarkas/anaconda3/dat/leap/cmd/leaprc.gaff2 done
>> logFile leap.log
log started: Tue Apr 17 20:16:29 2018

Log file: ./leap.log
>> #
>> # ----- leaprc for loading the general Amber Force field.
>> #       This file is mostly for use with Antechamber
>> #
>> #	load atom type hybridizations
>> #
>> addAtomTypes {
>> 	{ "h1"  "H" "sp3" }
>> 	{ "h2"  "H" "sp3" }
>> 	{ "h3"  "H" "sp3" }
>> 	{ "h4"  "H" "sp3" }
>> 	{ "h5"  "H" "sp3" }
>> 	{ "ha"  "H" "sp3" }
>> 	{ "hc"  "H" "sp3" }
>> 	{ "hn"  "H" "sp3" }
>> 	{ "ho"  "H" "sp3" }
>> 	{ "hp"  "H" "sp3" }
>> 	{ "hs"  "H" "sp3" }
>> 	{ "hw"  "H" "sp3" }
>> 	{ "hx"  "H" "sp3" }
>> 	{ "o"  "O" "sp2" }
>> 	{ "o2"  "O" "sp2" }
>> 	{ "oh"  "O" "sp3" }
>> 	{ "os"  "O" "sp3" }
>> 	{ "ow"  "O" "sp3" }
>> 	{ "c"  "C" "sp2" }
>> 	{ "c1"  "C" "sp2" }
>> 	{ "c2"  "C" "sp2" }
>> 	{ "c3"  "C" "sp3" }
>> 	{ "ca"  "C" "sp2" }
>> 	{ "cc"  "C" "sp2" }
>> 	{ "cd"  "C" "sp2" }
>> 	{ "ce"  "C" "sp2" }
>> 	{ "cf"  "C" "sp2" }
>> 	{ "cg"  "C" "sp2" }
>> 	{ "ch"  "C" "sp2" }
>> 	{ "cp"  "C" "sp2" }
>> 	{ "cs"  "C" "sp2" }
>> 	{ "cq"  "C" "sp2" }
>> 	{ "cu"  "C" "sp2" }
>> 	{ "cv"  "C" "sp2" }
>> 	{ "cx"  "C" "sp2" }
>> 	{ "cy"  "C" "sp2" }
>> 	{ "cz"  "C" "sp2" }
>> 	{ "n"   "N" "sp2" }
>> 	{ "n1"  "N" "sp2" }
>> 	{ "n2"  "N" "sp2" }
>> 	{ "n3"  "N" "sp3" }
>> 	{ "n4"  "N" "sp3" }
>> 	{ "n7"  "N" "sp3" }
>> 	{ "n8"  "N" "sp3" }
>> 	{ "n9"  "N" "sp3" }
>> 	{ "na"  "N" "sp2" }
>> 	{ "nb"  "N" "sp2" }
>> 	{ "nc"  "N" "sp2" }
>> 	{ "nd"  "N" "sp2" }
>> 	{ "ne"  "N" "sp2" }
>> 	{ "nf"  "N" "sp2" }
>> 	{ "nh"  "N" "sp2" }
>> 	{ "no"  "N" "sp2" }
>> 	{ "ns"  "N" "sp2" }
>> 	{ "nt"  "N" "sp2" }
>> 	{ "nu"  "N" "sp2" }
>> 	{ "nv"  "N" "sp2" }
>> 	{ "nx"  "N" "sp3" }
>> 	{ "ny"  "N" "sp3" }
>> 	{ "nz"  "N" "sp3" }
>> 	{ "n+"  "N" "sp3" }
>> 	{ "s"   "S" "sp2" }
>> 	{ "s2"   "S" "sp2" }
>> 	{ "s3"   "S" "sp3" }
>> 	{ "s4"   "S" "sp3" }
>> 	{ "s6"   "S" "sp3" }
>> 	{ "sh"   "S" "sp3" }
>> 	{ "ss"   "S" "sp3" }
>> 	{ "sx"   "S" "sp3" }
>> 	{ "sy"   "S" "sp3" }
>> 	{ "p2"   "P" "sp2" }
>> 	{ "p3"   "P" "sp3" }
>> 	{ "p4"   "P" "sp3" }
>> 	{ "p5"   "P" "sp3" }
>> 	{ "pb"   "P" "sp3" }
>> 	{ "pc"   "P" "sp3" }
>> 	{ "pd"   "P" "sp3" }
>> 	{ "pe"   "P" "sp3" }
>> 	{ "pf"   "P" "sp3" }
>> 	{ "px"   "P" "sp3" }
>> 	{ "py"   "P" "sp3" }
>> 	{ "f"   "F" "sp3" }
>> 	{ "cl"  "Cl" "sp3" }
>> 	{ "br"  "Br" "sp3" }
>> 	{ "i"   "I"  "sp3" }
>> }
>> #
>> #	Load the general force field parameter set.
>> #
>> gaff = loadamberparams gaff2.dat
Loading parameters: /Users/kristofarkas/anaconda3/dat/leap/parm/gaff2.dat
Reading title:
AMBER General Force Field for organic molecules (Version 2.1, April 2016)
> 
> source leaprc.water.TIP4PEW
----- Source: /Users/kristofarkas/anaconda3/dat/leap/cmd/leaprc.water.TIP4PEW
----- Source of /Users/kristofarkas/anaconda3/dat/leap/cmd/leaprc.water.TIP4PEW done
>> #
>> #       Load water and ions for TIP4P-ew + Joung-Chetham monovalent ions
>> #       + Li/Merz highly charged ions (+2 to +4, 12-6 normal usage set)
>> # 
>> addAtomTypes {
>> 	{ "F-"   "F" "sp3" }
>> 	{ "Cl-"  "Cl" "sp3" }
>> 	{ "Br-"  "Br" "sp3" }
>> 	{ "I-"   "I"  "sp3" }
>> 	{ "Li+"  "Li"  "sp3" }
>> 	{ "Na+"  "Na"  "sp3" }
>> 	{ "K+"  "K"  "sp3" }
>> 	{ "Rb+"  "Rb"  "sp3" }
>> 	{ "Cs+"  "Cs"  "sp3" }
>> 	{ "Mg+"  "Mg"  "sp3" }
>>     { "Tl+"  "Tl"  "sp3" }
>>     { "Cu+"  "Cu"  "sp3" }
>>     { "Ag+"  "Ag"  "sp3" }
>>     { "Be2+" "Be"  "sp3" }
>>     { "Cu2+" "Cu"  "sp3" }
>>     { "Ni2+" "Ni"  "sp3" }
>>     { "Pt2+" "Pt"  "sp3" }
>>     { "Zn2+" "Zn"  "sp3" }
>>     { "Co2+" "Co"  "sp3" }
>>     { "Pd2+" "Pd"  "sp3" }
>>     { "Ag2+" "Ag"  "sp3" }
>>     { "Cr2+" "Cr"  "sp3" }
>>     { "Fe2+" "Fe"  "sp3" }
>>     { "Mg2+" "Mg"  "sp3" }
>>     { "V2+"  "V"   "sp3" }
>>     { "Mn2+" "Mn"  "sp3" }
>>     { "Hg2+" "Hg"  "sp3" }
>>     { "Cd2+" "Cd"  "sp3" }
>>     { "Yb2+" "Yb"  "sp3" }
>>     { "Ca2+" "Ca"  "sp3" }
>>     { "Sn2+" "Sn"  "sp3" }
>>     { "Pb2+" "Pb"  "sp3" }
>>     { "Eu2+" "Eu"  "sp3" }
>>     { "Sr2+" "Sr"  "sp3" }
>>     { "Sm2+" "Sm"  "sp3" }
>>     { "Ba2+" "Ba"  "sp3" }
>>     { "Ra2+" "Ra"  "sp3" }
>>     { "Al3+" "Al"  "sp3" }
>>     { "Fe3+" "Fe"  "sp3" }
>>     { "Cr3+" "Cr"  "sp3" }
>>     { "In3+" "In"  "sp3" }
>>     { "Tl3+" "Tl"  "sp3" }
>>     { "Y3+"  "Y"   "sp3" }
>>     { "La3+" "La"  "sp3" }
>>     { "Ce3+" "Ce"  "sp3" }
>>     { "Pr3+" "Pr"  "sp3" }
>>     { "Nd3+" "Nd"  "sp3" }
>>     { "Sm3+" "Sm"  "sp3" }
>>     { "Eu3+" "Eu"  "sp3" }
>>     { "Gd3+" "Gd"  "sp3" }
>>     { "Tb3+" "Tb"  "sp3" }
>>     { "Dy3+" "Dy"  "sp3" }
>>     { "Er3+" "Er"  "sp3" }
>>     { "Tm3+" "Tm"  "sp3" }
>>     { "Lu3+" "Lu"  "sp3" }
>>     { "Hf4+" "Hf"  "sp3" }
>>     { "Zr4+" "Zr"  "sp3" }
>>     { "Ce4+" "Ce"  "sp3" }
>>     { "U4+"  "U"   "sp3" }
>>     { "Pu4+" "Pu"  "sp3" }
>>     { "Th4+" "Th"  "sp3" }
>> }
>> loadOff atomic_ions.lib
Loading library: /Users/kristofarkas/anaconda3/dat/leap/lib/atomic_ions.lib
Loading: AG
Loading: AL
Loading: Ag
Loading: BA
Loading: BR
Loading: Be
Loading: CA
Loading: CD
Loading: CE
Loading: CL
Loading: CO
Loading: CR
Loading: CS
Loading: CU
Loading: CU1
Loading: Ce
Loading: Cl-
Loading: Cr
Loading: Dy
Loading: EU
Loading: EU3
Loading: Er
Loading: F
Loading: FE
Loading: FE2
Loading: GD3
Loading: H3O+
Loading: HE+
Loading: HG
Loading: HZ+
Loading: Hf
Loading: IN
Loading: IOD
Loading: K
Loading: K+
Loading: LA
Loading: LI
Loading: LU
Loading: MG
Loading: MN
Loading: NA
Loading: NH4
Loading: NI
Loading: Na+
Loading: Nd
Loading: PB
Loading: PD
Loading: PR
Loading: PT
Loading: Pu
Loading: RB
Loading: Ra
Loading: SM
Loading: SR
Loading: Sm
Loading: Sn
Loading: TB
Loading: TL
Loading: Th
Loading: Tl
Loading: Tm
Loading: U4+
Loading: V2+
Loading: Y
Loading: YB2
Loading: ZN
Loading: Zr
>> loadOff solvents.lib
Loading library: /Users/kristofarkas/anaconda3/dat/leap/lib/solvents.lib
Loading: CHCL3BOX
Loading: DC4
Loading: FB3
Loading: FB3BOX
Loading: FB4
Loading: FB4BOX
Loading: MEOHBOX
Loading: NMABOX
Loading: OP3
Loading: OPC
Loading: OPC3BOX
Loading: OPCBOX
Loading: PL3
Loading: POL3BOX
Loading: QSPCFWBOX
Loading: SPC
Loading: SPCBOX
Loading: SPCFWBOX
Loading: SPF
Loading: SPG
Loading: T4E
Loading: TIP3PBOX
Loading: TIP3PFBOX
Loading: TIP4PBOX
Loading: TIP4PEWBOX
Loading: TIP5PBOX
Loading: TP3
Loading: TP4
Loading: TP5
Loading: TPF
>> HOH = T4E
>> WAT = T4E
>> loadAmberParams frcmod.tip4pew
Loading parameters: /Users/kristofarkas/anaconda3/dat/leap/parm/frcmod.tip4pew
Reading force field modification type file (frcmod)
Reading title:
This is the additional/replacement parameter set for TIP4P
(UNKNOWN ATOM TYPE: EP)
>> loadAmberParams frcmod.ionsjc_tip4pew
Loading parameters: /Users/kristofarkas/anaconda3/dat/leap/parm/frcmod.ionsjc_tip4pew
Reading force field modification type file (frcmod)
Reading title:
Monovalent ion parameters for Ewald and TIP4P/EW water from Joung & Cheatham JPCB (2008)
>> loadAmberParams frcmod.ions234lm_126_tip4pew
Loading parameters: /Users/kristofarkas/anaconda3/dat/leap/parm/frcmod.ions234lm_126_tip4pew
Reading force field modification type file (frcmod)
Reading title:
Li/Merz ion parameters of divalent to tetravalent ions for TIP4P/EW water model (12-6 normal usage set)
>> 
> 
> 
> intercalator = loadmol2 lig-13.mol2
Loading Mol2 file: ./lig-13.mol2
Reading MOLECULE named UNL
> loadamberparams lig-13.frcmod
Loading parameters: ./lig-13.frcmod
Reading force field modification type file (frcmod)
Reading title:
Remark line goes here
> 
> dna = loadpdb ../1Z3F.pdb
Loading PDB file: ../1Z3F.pdb
Enter zPdbReadScan from call depth  0.
Exit  zPdbReadScan from call depth  0.
Matching PDB residue names to LEaP variables.
Mapped residue DC, term: Terminal/beginning, seq. number: 0 to: DC5.
(Residue 1: DG, Nonterminal, was not found in name map.)
(Residue 2: DA, Nonterminal, was not found in name map.)
(Residue 3: DT, Nonterminal, was not found in name map.)
(Residue 4: DC, Nonterminal, was not found in name map.)
Mapped residue DG, term: Terminal/last, seq. number: 5 to: DG3.
Mapped residue DC, term: Terminal/beginning, seq. number: 6 to: DC5.
(Residue 7: DG, Nonterminal, was not found in name map.)
(Residue 8: DA, Nonterminal, was not found in name map.)
(Residue 9: DT, Nonterminal, was not found in name map.)
(Residue 10: DC, Nonterminal, was not found in name map.)
Mapped residue DG, term: Terminal/last, seq. number: 11 to: DG3.
Joining DC5 - DG
Joining DG - DA
Joining DA - DT
Joining DT - DC
Joining DC - DG3
Joining DC5 - DG
Joining DG - DA
Joining DA - DT
Joining DT - DC
Joining DC - DG3
  total atoms in file: 378
> 
> saveamberparm dna dna.prmtop dna.inpcrd
Checking Unit.
WARNING: The unperturbed charge of the unit: -10.000000 is not zero.

 -- ignoring the warning.

Building topology.
Building atom parameters.
Building bond parameters.
Building angle parameters.
Building proper torsion parameters.
Building improper torsion parameters.
 ** Warning: No sp2 improper torsion term for  N*-CB-CB-NC
        atoms are: N9 C5 C4 N3
 ** Warning: No sp2 improper torsion term for  NB-C-CB-CB
        atoms are: N7 C6 C5 C4
 ** Warning: No sp2 improper torsion term for  N*-CB-CB-NC
        atoms are: N9 C5 C4 N3
 ** Warning: No sp2 improper torsion term for  NB-CA-CB-CB
        atoms are: N7 C6 C5 C4
 ** Warning: No sp2 improper torsion term for  N*-CB-CB-NC
        atoms are: N9 C5 C4 N3
 ** Warning: No sp2 improper torsion term for  NB-C-CB-CB
        atoms are: N7 C6 C5 C4
 ** Warning: No sp2 improper torsion term for  N*-CB-CB-NC
        atoms are: N9 C5 C4 N3
 ** Warning: No sp2 improper torsion term for  NB-C-CB-CB
        atoms are: N7 C6 C5 C4
 ** Warning: No sp2 improper torsion term for  N*-CB-CB-NC
        atoms are: N9 C5 C4 N3
 ** Warning: No sp2 improper torsion term for  NB-CA-CB-CB
        atoms are: N7 C6 C5 C4
 ** Warning: No sp2 improper torsion term for  N*-CB-CB-NC
        atoms are: N9 C5 C4 N3
 ** Warning: No sp2 improper torsion term for  NB-C-CB-CB
        atoms are: N7 C6 C5 C4
 total 70 improper torsions applied
Building H-Bond parameters.
Incorporating Non-Bonded adjustments.
Not Marking per-residue atom chain types.
Marking per-residue atom chain types.
 (no restraints)
> saveamberparm intercalator intercalator.prmtop intercalator.inpcrd
Checking Unit.
Building topology.
Building atom parameters.
Building bond parameters.
Building angle parameters.
Building proper torsion parameters.
Building improper torsion parameters.
 total 19 improper torsions applied
Building H-Bond parameters.
Incorporating Non-Bonded adjustments.
Not Marking per-residue atom chain types.
Marking per-residue atom chain types.
  (Residues lacking connect0/connect1 - 
   these don't have chain types marked:

	res	total affected

	UNL	1
  )
 (no restraints)
> 
> complex = combine {dna intercalator}
  Sequence: default_name
  Sequence: UNL
> 
> saveamberparm complex complex-dry.prmtop complex-dry.inpcrd
Checking Unit.
WARNING: The unperturbed charge of the unit: -9.999998 is not zero.

 -- ignoring the warning.

Building topology.
Building atom parameters.
Building bond parameters.
Building angle parameters.
Building proper torsion parameters.
Building improper torsion parameters.
 ** Warning: No sp2 improper torsion term for  NB-C-CB-CB
        atoms are: N7 C6 C5 C4
 ** Warning: No sp2 improper torsion term for  N*-CB-CB-NC
        atoms are: N9 C5 C4 N3
 ** Warning: No sp2 improper torsion term for  NB-CA-CB-CB
        atoms are: N7 C6 C5 C4
 ** Warning: No sp2 improper torsion term for  N*-CB-CB-NC
        atoms are: N9 C5 C4 N3
 ** Warning: No sp2 improper torsion term for  NB-C-CB-CB
        atoms are: N7 C6 C5 C4
 ** Warning: No sp2 improper torsion term for  N*-CB-CB-NC
        atoms are: N9 C5 C4 N3
 ** Warning: No sp2 improper torsion term for  NB-C-CB-CB
        atoms are: N7 C6 C5 C4
 ** Warning: No sp2 improper torsion term for  N*-CB-CB-NC
        atoms are: N9 C5 C4 N3
 ** Warning: No sp2 improper torsion term for  NB-CA-CB-CB
        atoms are: N7 C6 C5 C4
 ** Warning: No sp2 improper torsion term for  N*-CB-CB-NC
        atoms are: N9 C5 C4 N3
 ** Warning: No sp2 improper torsion term for  NB-C-CB-CB
        atoms are: N7 C6 C5 C4
 ** Warning: No sp2 improper torsion term for  N*-CB-CB-NC
        atoms are: N9 C5 C4 N3
 total 89 improper torsions applied
Building H-Bond parameters.
Incorporating Non-Bonded adjustments.
Not Marking per-residue atom chain types.
Marking per-residue atom chain types.
  (Residues lacking connect0/connect1 - 
   these don't have chain types marked:

	res	total affected

	UNL	1
  )
 (no restraints)
> 
> solvateBox complex TIP4PEWBOX 14.0 iso
  Solute vdw bounding box:              23.272 23.418 31.579
  Total bounding box for atom centers:  59.579 59.579 59.579
      (box expansion for 'iso' is  34.6%)
  Solvent unit box:                     18.860 18.867 18.860
The number of boxes:  x= 4  y= 4  z= 4
Adding box at: x=0  y=0  z=0
Center of solvent box is: 28.290000, 28.300500, 28.290000
Adding box at: x=0  y=0  z=1
Center of solvent box is: 28.290000, 28.300500, 9.430000
Adding box at: x=0  y=0  z=2
Center of solvent box is: 28.290000, 28.300500, -9.430000
Adding box at: x=0  y=0  z=3
Center of solvent box is: 28.290000, 28.300500, -28.290000
Adding box at: x=0  y=1  z=0
Center of solvent box is: 28.290000, 9.433500, 28.290000
Adding box at: x=0  y=1  z=1
Center of solvent box is: 28.290000, 9.433500, 9.430000
Adding box at: x=0  y=1  z=2
Center of solvent box is: 28.290000, 9.433500, -9.430000
Adding box at: x=0  y=1  z=3
Center of solvent box is: 28.290000, 9.433500, -28.290000
Adding box at: x=0  y=2  z=0
Center of solvent box is: 28.290000, -9.433500, 28.290000
Adding box at: x=0  y=2  z=1
Center of solvent box is: 28.290000, -9.433500, 9.430000
Adding box at: x=0  y=2  z=2
Center of solvent box is: 28.290000, -9.433500, -9.430000
Adding box at: x=0  y=2  z=3
Center of solvent box is: 28.290000, -9.433500, -28.290000
Adding box at: x=0  y=3  z=0
Center of solvent box is: 28.290000, -28.300500, 28.290000
Adding box at: x=0  y=3  z=1
Center of solvent box is: 28.290000, -28.300500, 9.430000
Adding box at: x=0  y=3  z=2
Center of solvent box is: 28.290000, -28.300500, -9.430000
Adding box at: x=0  y=3  z=3
Center of solvent box is: 28.290000, -28.300500, -28.290000
Adding box at: x=1  y=0  z=0
Center of solvent box is: 9.430000, 28.300500, 28.290000
Adding box at: x=1  y=0  z=1
Center of solvent box is: 9.430000, 28.300500, 9.430000
Adding box at: x=1  y=0  z=2
Center of solvent box is: 9.430000, 28.300500, -9.430000
Adding box at: x=1  y=0  z=3
Center of solvent box is: 9.430000, 28.300500, -28.290000
Adding box at: x=1  y=1  z=0
Center of solvent box is: 9.430000, 9.433500, 28.290000
Adding box at: x=1  y=1  z=1
Center of solvent box is: 9.430000, 9.433500, 9.430000
Adding box at: x=1  y=1  z=2
Center of solvent box is: 9.430000, 9.433500, -9.430000
Adding box at: x=1  y=1  z=3
Center of solvent box is: 9.430000, 9.433500, -28.290000
Adding box at: x=1  y=2  z=0
Center of solvent box is: 9.430000, -9.433500, 28.290000
Adding box at: x=1  y=2  z=1
Center of solvent box is: 9.430000, -9.433500, 9.430000
Adding box at: x=1  y=2  z=2
Center of solvent box is: 9.430000, -9.433500, -9.430000
Adding box at: x=1  y=2  z=3
Center of solvent box is: 9.430000, -9.433500, -28.290000
Adding box at: x=1  y=3  z=0
Center of solvent box is: 9.430000, -28.300500, 28.290000
Adding box at: x=1  y=3  z=1
Center of solvent box is: 9.430000, -28.300500, 9.430000
Adding box at: x=1  y=3  z=2
Center of solvent box is: 9.430000, -28.300500, -9.430000
Adding box at: x=1  y=3  z=3
Center of solvent box is: 9.430000, -28.300500, -28.290000
Adding box at: x=2  y=0  z=0
Center of solvent box is: -9.430000, 28.300500, 28.290000
Adding box at: x=2  y=0  z=1
Center of solvent box is: -9.430000, 28.300500, 9.430000
Adding box at: x=2  y=0  z=2
Center of solvent box is: -9.430000, 28.300500, -9.430000
Adding box at: x=2  y=0  z=3
Center of solvent box is: -9.430000, 28.300500, -28.290000
Adding box at: x=2  y=1  z=0
Center of solvent box is: -9.430000, 9.433500, 28.290000
Adding box at: x=2  y=1  z=1
Center of solvent box is: -9.430000, 9.433500, 9.430000
Adding box at: x=2  y=1  z=2
Center of solvent box is: -9.430000, 9.433500, -9.430000
Adding box at: x=2  y=1  z=3
Center of solvent box is: -9.430000, 9.433500, -28.290000
Adding box at: x=2  y=2  z=0
Center of solvent box is: -9.430000, -9.433500, 28.290000
Adding box at: x=2  y=2  z=1
Center of solvent box is: -9.430000, -9.433500, 9.430000
Adding box at: x=2  y=2  z=2
Center of solvent box is: -9.430000, -9.433500, -9.430000
Adding box at: x=2  y=2  z=3
Center of solvent box is: -9.430000, -9.433500, -28.290000
Adding box at: x=2  y=3  z=0
Center of solvent box is: -9.430000, -28.300500, 28.290000
Adding box at: x=2  y=3  z=1
Center of solvent box is: -9.430000, -28.300500, 9.430000
Adding box at: x=2  y=3  z=2
Center of solvent box is: -9.430000, -28.300500, -9.430000
Adding box at: x=2  y=3  z=3
Center of solvent box is: -9.430000, -28.300500, -28.290000
Adding box at: x=3  y=0  z=0
Center of solvent box is: -28.290000, 28.300500, 28.290000
Adding box at: x=3  y=0  z=1
Center of solvent box is: -28.290000, 28.300500, 9.430000
Adding box at: x=3  y=0  z=2
Center of solvent box is: -28.290000, 28.300500, -9.430000
Adding box at: x=3  y=0  z=3
Center of solvent box is: -28.290000, 28.300500, -28.290000
Adding box at: x=3  y=1  z=0
Center of solvent box is: -28.290000, 9.433500, 28.290000
Adding box at: x=3  y=1  z=1
Center of solvent box is: -28.290000, 9.433500, 9.430000
Adding box at: x=3  y=1  z=2
Center of solvent box is: -28.290000, 9.433500, -9.430000
Adding box at: x=3  y=1  z=3
Center of solvent box is: -28.290000, 9.433500, -28.290000
Adding box at: x=3  y=2  z=0
Center of solvent box is: -28.290000, -9.433500, 28.290000
Adding box at: x=3  y=2  z=1
Center of solvent box is: -28.290000, -9.433500, 9.430000
Adding box at: x=3  y=2  z=2
Center of solvent box is: -28.290000, -9.433500, -9.430000
Adding box at: x=3  y=2  z=3
Center of solvent box is: -28.290000, -9.433500, -28.290000
Adding box at: x=3  y=3  z=0
Center of solvent box is: -28.290000, -28.300500, 28.290000
Adding box at: x=3  y=3  z=1
Center of solvent box is: -28.290000, -28.300500, 9.430000
Adding box at: x=3  y=3  z=2
Center of solvent box is: -28.290000, -28.300500, -9.430000
Adding box at: x=3  y=3  z=3
Center of solvent box is: -28.290000, -28.300500, -28.290000
  Volume: 245556.895 A^3 
  Total mass 115812.112 amu,  Density 0.783 g/cc
  Added 6211 residues.
> 
> addIonsRand complex Na+ 0
10 Na+ ions required to neutralize.
Adding 10 counter ions to "complex". 6201 solvent molecules will remain.
0: Placed Na+ in complex at (-11.97, -16.05, 13.35).
0: Placed Na+ in complex at (10.61, 27.87, 23.28).
0: Placed Na+ in complex at (22.93, 16.75, -2.10).
0: Placed Na+ in complex at (-19.98, 13.10, 12.91).
0: Placed Na+ in complex at (-25.93, -0.88, 13.54).
0: Placed Na+ in complex at (-19.78, 26.96, -5.09).
0: Placed Na+ in complex at (15.18, 24.44, 23.65).
0: Placed Na+ in complex at (12.06, -16.90, -23.04).
0: Placed Na+ in complex at (17.95, -7.67, 22.36).
0: Placed Na+ in complex at (23.77, -18.19, 27.61).
> 
> saveamberparm complex complex.prmtop complex.inpcrd
Checking Unit.

 -- ignoring the warnings.

Building topology.
Building atom parameters.
Building bond parameters.
Building angle parameters.
Building proper torsion parameters.
Building improper torsion parameters.
 ** Warning: No sp2 improper torsion term for  NB-C-CB-CB
        atoms are: N7 C6 C5 C4
 ** Warning: No sp2 improper torsion term for  N*-CB-CB-NC
        atoms are: N9 C5 C4 N3
 ** Warning: No sp2 improper torsion term for  NB-CA-CB-CB
        atoms are: N7 C6 C5 C4
 ** Warning: No sp2 improper torsion term for  N*-CB-CB-NC
        atoms are: N9 C5 C4 N3
 ** Warning: No sp2 improper torsion term for  NB-C-CB-CB
        atoms are: N7 C6 C5 C4
 ** Warning: No sp2 improper torsion term for  N*-CB-CB-NC
        atoms are: N9 C5 C4 N3
 ** Warning: No sp2 improper torsion term for  NB-C-CB-CB
        atoms are: N7 C6 C5 C4
 ** Warning: No sp2 improper torsion term for  N*-CB-CB-NC
        atoms are: N9 C5 C4 N3
 ** Warning: No sp2 improper torsion term for  NB-CA-CB-CB
        atoms are: N7 C6 C5 C4
 ** Warning: No sp2 improper torsion term for  N*-CB-CB-NC
        atoms are: N9 C5 C4 N3
 ** Warning: No sp2 improper torsion term for  NB-C-CB-CB
        atoms are: N7 C6 C5 C4
 ** Warning: No sp2 improper torsion term for  N*-CB-CB-NC
        atoms are: N9 C5 C4 N3
 total 89 improper torsions applied
Building H-Bond parameters.
Incorporating Non-Bonded adjustments.
Not Marking per-residue atom chain types.
Marking per-residue atom chain types.
  (Residues lacking connect0/connect1 - 
   these don't have chain types marked:

	res	total affected

	UNL	1
  )
 (no restraints)
> 
 quit
	Quit
log started: Wed May 23 14:09:06 2018

Log file: ./leap.log
>> # ----- NOTE: this is designed for PDB format 3!
>> #	Uses ff99bsc0+bsc1 for DNA
>> #               (ff99): Wang et al. J. Comp. Chem. 21: 1049, 2000
>> #               (bsc0): Perez et al. Biophys J. 92: 3817, 2007
>> #               (bsc1): Ivani et al. Nature Methods 13: 55, 2016
>> #	load atom type hybridizations
>> #
>> addAtomTypes {
>> 	{ "H"   "H" "sp3" }
>> 	{ "HO"  "H" "sp3" }
>> 	{ "HS"  "H" "sp3" }
>> 	{ "H1"  "H" "sp3" }
>> 	{ "H2"  "H" "sp3" }
>> 	{ "H3"  "H" "sp3" }
>> 	{ "H4"  "H" "sp3" }
>> 	{ "H5"  "H" "sp3" }
>> 	{ "HW"  "H" "sp3" }
>> 	{ "HC"  "H" "sp3" }
>> 	{ "HA"  "H" "sp3" }
>> 	{ "HP"  "H" "sp3" }
>> 	{ "HZ"  "H" "sp3" }
>> 	{ "OH"  "O" "sp3" }
>> 	{ "OS"  "O" "sp3" }
>> 	{ "O"   "O" "sp2" }
>> 	{ "O2"  "O" "sp2" }
>> 	{ "OP"  "O" "sp2" }
>> 	{ "OW"  "O" "sp3" }
>> 	{ "CT"  "C" "sp3" }
>> 	{ "CX"  "C" "sp3" }
>> 	{ "C8"  "C" "sp3" }
>> 	{ "2C"  "C" "sp3" }
>> 	{ "3C"  "C" "sp3" }
>> 	{ "CH"  "C" "sp3" }
>> 	{ "CS"  "C" "sp2" }
>> 	{ "C"   "C" "sp2" }
>> 	{ "CO"  "C" "sp2" }
>> 	{ "C*"  "C" "sp2" }
>> 	{ "CA"  "C" "sp2" }
>> 	{ "CB"  "C" "sp2" }
>> 	{ "CC"  "C" "sp2" }
>> 	{ "CN"  "C" "sp2" }
>> 	{ "CM"  "C" "sp2" }
>> 	{ "CK"  "C" "sp2" }
>> 	{ "CQ"  "C" "sp2" }
>> 	{ "CD"  "C" "sp2" }
>> 	{ "C5"  "C" "sp2" }
>> 	{ "C4"  "C" "sp2" }
>> 	{ "CP"  "C" "sp2" }
>> 	{ "CI"  "C" "sp3" }
>> 	{ "CJ"  "C" "sp2" }
>> 	{ "CW"  "C" "sp2" }
>> 	{ "CV"  "C" "sp2" }
>> 	{ "CR"  "C" "sp2" }
>> 	{ "CA"  "C" "sp2" }
>> 	{ "CY"  "C" "sp2" }
>> 	{ "C0"  "Ca" "sp3" }
>> 	{ "MG"  "Mg" "sp3" }
>> 	{ "N"   "N" "sp2" }
>> 	{ "NA"  "N" "sp2" }
>> 	{ "N2"  "N" "sp2" }
>> 	{ "N*"  "N" "sp2" }
>> 	{ "NP"  "N" "sp2" }
>> 	{ "NQ"  "N" "sp2" }
>> 	{ "NB"  "N" "sp2" }
>> 	{ "NC"  "N" "sp2" }
>> 	{ "NT"  "N" "sp3" }
>> 	{ "NY"  "N" "sp2" }
>> 	{ "N3"  "N" "sp3" }
>> 	{ "S"   "S" "sp3" }
>> 	{ "SH"  "S" "sp3" }
>> 	{ "P"   "P" "sp3" }
>> 	{ "LP"  ""  "sp3" }
>> 	{ "EP"  ""  "sp3" }
>> 	{ "F"   "F" "sp3" }
>> 	{ "Cl"  "Cl" "sp3" }
>> 	{ "Br"  "Br" "sp3" }
>> 	{ "I"   "I"  "sp3" }
>> 	{ "F-"   "F" "sp3" }
>> 	{ "Cl-"  "Cl" "sp3" }
>> 	{ "Br-"  "Br" "sp3" }
>> 	{ "I-"   "I"  "sp3" }
>> 	{ "Li+"  "Li"  "sp3" }
>> 	{ "Na+"  "Na"  "sp3" }
>> 	{ "K+"  "K"  "sp3" }
>> 	{ "Rb+"  "Rb"  "sp3" }
>> 	{ "Cs+"  "Cs"  "sp3" }
>> 	{ "Mg+"  "Mg"  "sp3" }
>> }
>> 
>> #
>> #	Load the main parameter set.
>> #
>> 
>> parm10 = loadamberparams parm10.dat
Loading parameters: /Users/kristofarkas/anaconda3/dat/leap/parm/parm10.dat
Reading title:
PARM99 + frcmod.ff99SB + frcmod.parmbsc0 + OL3 for RNA
(UNKNOWN ATOM TYPE: Zn)
(UNKNOWN ATOM TYPE: EP)
>> 
>> #
>> #	Load nucleic acids
>> #
>> 
>> addPdbResMap {
>>   { 0 "DG" "DG5"  } { 1 "DG" "DG3"  }  
>>   { 0 "DA" "DA5"  } { 1 "DA" "DA3"  }  
>>   { 0 "DC" "DC5"  } { 1 "DC" "DC3"  }  
>>   { 0 "DT" "DT5"  } { 1 "DT" "DT3"  }  
>> #  some really old Amber residue names, assuming DNA:
>>   { 0 "GUA" "DG5"  } { 1 "GUA" "DG3"  } { "GUA" "DG" }
>>   { 0 "ADE" "DA5"  } { 1 "ADE" "DA3"  } { "ADE" "DA" }
>>   { 0 "CYT" "DC5"  } { 1 "CYT" "DC3"  } { "CYT" "DC" }
>>   { 0 "THY" "DT5"  } { 1 "THY" "DT3"  } { "THY" "DT" }
>> 
>> }
>> 
>> #  try to be good about reading in really old atom names as well:
>> addPdbAtomMap {
>>   { "O5*" "O5'" }
>>   { "C5*" "C5'" }
>>   { "C4*" "C4'" }
>>   { "O4*" "O4'" }
>>   { "C3*" "C3'" }
>>   { "O3*" "O3'" }
>>   { "C2*" "C2'" }
>>   { "O2*" "O2'" }
>>   { "C1*" "C1'" }
>>   { "C5M" "C7"  }
>>   { "H1*" "H1'" }
>>   { "H2*1" "H2'" }
>>   { "'H2'" "H2''" }
>>   { "H2*2" "H2''" }
>>   { "H2'1" "H2'" }
>>   { "H2'2" "H2''" }
>>   { "H3*" "H3'" }
>>   { "H4*" "H4'" }
>>   { "H5*1" "H5'" }
>>   { "H5*2" "H5''" }
>>   { "H5'1" "H5'" }
>>   { "H5'2" "H5''" }
>>   { "'H5'" "H5''" }
>>   { "HO'2" "HO2'" }
>>   { "H5T"  "HO5'" }
>>   { "H3T"  "HO3'" }
>>   { "O1'" "O4'" }
>>   { "OA"  "OP1" }
>>   { "OB"  "OP2" }
>>   { "O1P" "OP1" }
>>   { "O2P" "OP2" }
>> }
>> 
>> #
>> # Load parameters for BSC1
>> #
>> addAtomTypes {
>>   { "C1" "C" "sp2" }
>>   { "C2" "C" "sp2" }
>>   { "CI" "C" "sp3" }
>>   { "CE" "C" "sp3" }
>>  }
>> 
>> loadoff parmBSC1.lib
Loading library: /Users/kristofarkas/anaconda3/dat/leap/lib/parmBSC1.lib
Loading: DA
Loading: DA3
Loading: DA5
Loading: DAN
Loading: DC
Loading: DC3
Loading: DC5
Loading: DCN
Loading: DG
Loading: DG3
Loading: DG5
Loading: DGN
Loading: DT
Loading: DT3
Loading: DT5
Loading: DTN
>> loadamberparams frcmod.parmbsc1
Loading parameters: /Users/kristofarkas/anaconda3/dat/leap/parm/frcmod.parmbsc1
Reading force field modification type file (frcmod)
Reading title:
Parmbsc1 force-field for DNA
> 
> source leaprc.gaff2
----- Source: /Users/kristofarkas/anaconda3/dat/leap/cmd/leaprc.gaff2
----- Source of /Users/kristofarkas/anaconda3/dat/leap/cmd/leaprc.gaff2 done
>> logFile leap.log
log started: Wed May 23 14:09:06 2018

Log file: ./leap.log
>> #
>> # ----- leaprc for loading the general Amber Force field.
>> #       This file is mostly for use with Antechamber
>> #
>> #	load atom type hybridizations
>> #
>> addAtomTypes {
>> 	{ "h1"  "H" "sp3" }
>> 	{ "h2"  "H" "sp3" }
>> 	{ "h3"  "H" "sp3" }
>> 	{ "h4"  "H" "sp3" }
>> 	{ "h5"  "H" "sp3" }
>> 	{ "ha"  "H" "sp3" }
>> 	{ "hc"  "H" "sp3" }
>> 	{ "hn"  "H" "sp3" }
>> 	{ "ho"  "H" "sp3" }
>> 	{ "hp"  "H" "sp3" }
>> 	{ "hs"  "H" "sp3" }
>> 	{ "hw"  "H" "sp3" }
>> 	{ "hx"  "H" "sp3" }
>> 	{ "o"  "O" "sp2" }
>> 	{ "o2"  "O" "sp2" }
>> 	{ "oh"  "O" "sp3" }
>> 	{ "os"  "O" "sp3" }
>> 	{ "ow"  "O" "sp3" }
>> 	{ "c"  "C" "sp2" }
>> 	{ "c1"  "C" "sp2" }
>> 	{ "c2"  "C" "sp2" }
>> 	{ "c3"  "C" "sp3" }
>> 	{ "ca"  "C" "sp2" }
>> 	{ "cc"  "C" "sp2" }
>> 	{ "cd"  "C" "sp2" }
>> 	{ "ce"  "C" "sp2" }
>> 	{ "cf"  "C" "sp2" }
>> 	{ "cg"  "C" "sp2" }
>> 	{ "ch"  "C" "sp2" }
>> 	{ "cp"  "C" "sp2" }
>> 	{ "cs"  "C" "sp2" }
>> 	{ "cq"  "C" "sp2" }
>> 	{ "cu"  "C" "sp2" }
>> 	{ "cv"  "C" "sp2" }
>> 	{ "cx"  "C" "sp2" }
>> 	{ "cy"  "C" "sp2" }
>> 	{ "cz"  "C" "sp2" }
>> 	{ "n"   "N" "sp2" }
>> 	{ "n1"  "N" "sp2" }
>> 	{ "n2"  "N" "sp2" }
>> 	{ "n3"  "N" "sp3" }
>> 	{ "n4"  "N" "sp3" }
>> 	{ "n7"  "N" "sp3" }
>> 	{ "n8"  "N" "sp3" }
>> 	{ "n9"  "N" "sp3" }
>> 	{ "na"  "N" "sp2" }
>> 	{ "nb"  "N" "sp2" }
>> 	{ "nc"  "N" "sp2" }
>> 	{ "nd"  "N" "sp2" }
>> 	{ "ne"  "N" "sp2" }
>> 	{ "nf"  "N" "sp2" }
>> 	{ "nh"  "N" "sp2" }
>> 	{ "no"  "N" "sp2" }
>> 	{ "ns"  "N" "sp2" }
>> 	{ "nt"  "N" "sp2" }
>> 	{ "nu"  "N" "sp2" }
>> 	{ "nv"  "N" "sp2" }
>> 	{ "nx"  "N" "sp3" }
>> 	{ "ny"  "N" "sp3" }
>> 	{ "nz"  "N" "sp3" }
>> 	{ "n+"  "N" "sp3" }
>> 	{ "s"   "S" "sp2" }
>> 	{ "s2"   "S" "sp2" }
>> 	{ "s3"   "S" "sp3" }
>> 	{ "s4"   "S" "sp3" }
>> 	{ "s6"   "S" "sp3" }
>> 	{ "sh"   "S" "sp3" }
>> 	{ "ss"   "S" "sp3" }
>> 	{ "sx"   "S" "sp3" }
>> 	{ "sy"   "S" "sp3" }
>> 	{ "p2"   "P" "sp2" }
>> 	{ "p3"   "P" "sp3" }
>> 	{ "p4"   "P" "sp3" }
>> 	{ "p5"   "P" "sp3" }
>> 	{ "pb"   "P" "sp3" }
>> 	{ "pc"   "P" "sp3" }
>> 	{ "pd"   "P" "sp3" }
>> 	{ "pe"   "P" "sp3" }
>> 	{ "pf"   "P" "sp3" }
>> 	{ "px"   "P" "sp3" }
>> 	{ "py"   "P" "sp3" }
>> 	{ "f"   "F" "sp3" }
>> 	{ "cl"  "Cl" "sp3" }
>> 	{ "br"  "Br" "sp3" }
>> 	{ "i"   "I"  "sp3" }
>> }
>> #
>> #	Load the general force field parameter set.
>> #
>> gaff = loadamberparams gaff2.dat
Loading parameters: /Users/kristofarkas/anaconda3/dat/leap/parm/gaff2.dat
Reading title:
AMBER General Force Field for organic molecules (Version 2.1, April 2016)
> 
> source leaprc.water.tip4pew
----- Source: /Users/kristofarkas/anaconda3/dat/leap/cmd/leaprc.water.tip4pew
----- Source of /Users/kristofarkas/anaconda3/dat/leap/cmd/leaprc.water.tip4pew done
>> #
>> #       Load water and ions for TIP4P-ew + Joung-Chetham monovalent ions
>> #       + Li/Merz highly charged ions (+2 to +4, 12-6 normal usage set)
>> # 
>> addAtomTypes {
>> 	{ "F-"   "F" "sp3" }
>> 	{ "Cl-"  "Cl" "sp3" }
>> 	{ "Br-"  "Br" "sp3" }
>> 	{ "I-"   "I"  "sp3" }
>> 	{ "Li+"  "Li"  "sp3" }
>> 	{ "Na+"  "Na"  "sp3" }
>> 	{ "K+"  "K"  "sp3" }
>> 	{ "Rb+"  "Rb"  "sp3" }
>> 	{ "Cs+"  "Cs"  "sp3" }
>> 	{ "Mg+"  "Mg"  "sp3" }
>>     { "Tl+"  "Tl"  "sp3" }
>>     { "Cu+"  "Cu"  "sp3" }
>>     { "Ag+"  "Ag"  "sp3" }
>>     { "Be2+" "Be"  "sp3" }
>>     { "Cu2+" "Cu"  "sp3" }
>>     { "Ni2+" "Ni"  "sp3" }
>>     { "Pt2+" "Pt"  "sp3" }
>>     { "Zn2+" "Zn"  "sp3" }
>>     { "Co2+" "Co"  "sp3" }
>>     { "Pd2+" "Pd"  "sp3" }
>>     { "Ag2+" "Ag"  "sp3" }
>>     { "Cr2+" "Cr"  "sp3" }
>>     { "Fe2+" "Fe"  "sp3" }
>>     { "Mg2+" "Mg"  "sp3" }
>>     { "V2+"  "V"   "sp3" }
>>     { "Mn2+" "Mn"  "sp3" }
>>     { "Hg2+" "Hg"  "sp3" }
>>     { "Cd2+" "Cd"  "sp3" }
>>     { "Yb2+" "Yb"  "sp3" }
>>     { "Ca2+" "Ca"  "sp3" }
>>     { "Sn2+" "Sn"  "sp3" }
>>     { "Pb2+" "Pb"  "sp3" }
>>     { "Eu2+" "Eu"  "sp3" }
>>     { "Sr2+" "Sr"  "sp3" }
>>     { "Sm2+" "Sm"  "sp3" }
>>     { "Ba2+" "Ba"  "sp3" }
>>     { "Ra2+" "Ra"  "sp3" }
>>     { "Al3+" "Al"  "sp3" }
>>     { "Fe3+" "Fe"  "sp3" }
>>     { "Cr3+" "Cr"  "sp3" }
>>     { "In3+" "In"  "sp3" }
>>     { "Tl3+" "Tl"  "sp3" }
>>     { "Y3+"  "Y"   "sp3" }
>>     { "La3+" "La"  "sp3" }
>>     { "Ce3+" "Ce"  "sp3" }
>>     { "Pr3+" "Pr"  "sp3" }
>>     { "Nd3+" "Nd"  "sp3" }
>>     { "Sm3+" "Sm"  "sp3" }
>>     { "Eu3+" "Eu"  "sp3" }
>>     { "Gd3+" "Gd"  "sp3" }
>>     { "Tb3+" "Tb"  "sp3" }
>>     { "Dy3+" "Dy"  "sp3" }
>>     { "Er3+" "Er"  "sp3" }
>>     { "Tm3+" "Tm"  "sp3" }
>>     { "Lu3+" "Lu"  "sp3" }
>>     { "Hf4+" "Hf"  "sp3" }
>>     { "Zr4+" "Zr"  "sp3" }
>>     { "Ce4+" "Ce"  "sp3" }
>>     { "U4+"  "U"   "sp3" }
>>     { "Pu4+" "Pu"  "sp3" }
>>     { "Th4+" "Th"  "sp3" }
>> }
>> loadOff atomic_ions.lib
Loading library: /Users/kristofarkas/anaconda3/dat/leap/lib/atomic_ions.lib
Loading: AG
Loading: AL
Loading: Ag
Loading: BA
Loading: BR
Loading: Be
Loading: CA
Loading: CD
Loading: CE
Loading: CL
Loading: CO
Loading: CR
Loading: CS
Loading: CU
Loading: CU1
Loading: Ce
Loading: Cl-
Loading: Cr
Loading: Dy
Loading: EU
Loading: EU3
Loading: Er
Loading: F
Loading: FE
Loading: FE2
Loading: GD3
Loading: H3O+
Loading: HE+
Loading: HG
Loading: HZ+
Loading: Hf
Loading: IN
Loading: IOD
Loading: K
Loading: K+
Loading: LA
Loading: LI
Loading: LU
Loading: MG
Loading: MN
Loading: NA
Loading: NH4
Loading: NI
Loading: Na+
Loading: Nd
Loading: PB
Loading: PD
Loading: PR
Loading: PT
Loading: Pu
Loading: RB
Loading: Ra
Loading: SM
Loading: SR
Loading: Sm
Loading: Sn
Loading: TB
Loading: TL
Loading: Th
Loading: Tl
Loading: Tm
Loading: U4+
Loading: V2+
Loading: Y
Loading: YB2
Loading: ZN
Loading: Zr
>> loadOff solvents.lib
Loading library: /Users/kristofarkas/anaconda3/dat/leap/lib/solvents.lib
Loading: CHCL3BOX
Loading: DC4
Loading: FB3
Loading: FB3BOX
Loading: FB4
Loading: FB4BOX
Loading: MEOHBOX
Loading: NMABOX
Loading: OP3
Loading: OPC
Loading: OPC3BOX
Loading: OPCBOX
Loading: PL3
Loading: POL3BOX
Loading: QSPCFWBOX
Loading: SPC
Loading: SPCBOX
Loading: SPCFWBOX
Loading: SPF
Loading: SPG
Loading: T4E
Loading: TIP3PBOX
Loading: TIP3PFBOX
Loading: TIP4PBOX
Loading: TIP4PEWBOX
Loading: TIP5PBOX
Loading: TP3
Loading: TP4
Loading: TP5
Loading: TPF
>> HOH = T4E
>> WAT = T4E
>> loadAmberParams frcmod.tip4pew
Loading parameters: /Users/kristofarkas/anaconda3/dat/leap/parm/frcmod.tip4pew
Reading force field modification type file (frcmod)
Reading title:
This is the additional/replacement parameter set for TIP4P
(UNKNOWN ATOM TYPE: EP)
>> loadAmberParams frcmod.ionsjc_tip4pew
Loading parameters: /Users/kristofarkas/anaconda3/dat/leap/parm/frcmod.ionsjc_tip4pew
Reading force field modification type file (frcmod)
Reading title:
Monovalent ion parameters for Ewald and TIP4P/EW water from Joung & Cheatham JPCB (2008)
>> loadAmberParams frcmod.ions234lm_126_tip4pew
Loading parameters: /Users/kristofarkas/anaconda3/dat/leap/parm/frcmod.ions234lm_126_tip4pew
Reading force field modification type file (frcmod)
Reading title:
Li/Merz ion parameters of divalent to tetravalent ions for TIP4P/EW water model (12-6 normal usage set)
>> 
> 
> 
> intercalator = loadmol2 intercalator.mol2
Loading Mol2 file: ./intercalator.mol2
Reading MOLECULE named UNL
> loadamberparams intercalator.frcmod
Loading parameters: ./intercalator.frcmod
Reading force field modification type file (frcmod)
Reading title:
Remark line goes here
> 
> dna = loadpdb ../../1Z3F.pdb
Loading PDB file: ../../1Z3F.pdb
Enter zPdbReadScan from call depth  0.
Exit  zPdbReadScan from call depth  0.
Matching PDB residue names to LEaP variables.
Mapped residue DC, term: Terminal/beginning, seq. number: 0 to: DC5.
(Residue 1: DG, Nonterminal, was not found in name map.)
(Residue 2: DA, Nonterminal, was not found in name map.)
(Residue 3: DT, Nonterminal, was not found in name map.)
(Residue 4: DC, Nonterminal, was not found in name map.)
Mapped residue DG, term: Terminal/last, seq. number: 5 to: DG3.
Mapped residue DC, term: Terminal/beginning, seq. number: 6 to: DC5.
(Residue 7: DG, Nonterminal, was not found in name map.)
(Residue 8: DA, Nonterminal, was not found in name map.)
(Residue 9: DT, Nonterminal, was not found in name map.)
(Residue 10: DC, Nonterminal, was not found in name map.)
Mapped residue DG, term: Terminal/last, seq. number: 11 to: DG3.
Joining DC5 - DG
Joining DG - DA
Joining DA - DT
Joining DT - DC
Joining DC - DG3
Joining DC5 - DG
Joining DG - DA
Joining DA - DT
Joining DT - DC
Joining DC - DG3
  total atoms in file: 378
> 
> complex = combine {dna intercalator}
  Sequence: default_name
  Sequence: UNL
> 
> saveamberparm dna dna-dry.prmtop dna-dry.inpcrd
Checking Unit.
WARNING: The unperturbed charge of the unit: -10.000000 is not zero.

 -- ignoring the warning.

Building topology.
Building atom parameters.
Building bond parameters.
Building angle parameters.
Building proper torsion parameters.
Building improper torsion parameters.
 ** Warning: No sp2 improper torsion term for  N*-CB-CB-NC
        atoms are: N9 C5 C4 N3
 ** Warning: No sp2 improper torsion term for  NB-C-CB-CB
        atoms are: N7 C6 C5 C4
 ** Warning: No sp2 improper torsion term for  N*-CB-CB-NC
        atoms are: N9 C5 C4 N3
 ** Warning: No sp2 improper torsion term for  NB-CA-CB-CB
        atoms are: N7 C6 C5 C4
 ** Warning: No sp2 improper torsion term for  N*-CB-CB-NC
        atoms are: N9 C5 C4 N3
 ** Warning: No sp2 improper torsion term for  NB-C-CB-CB
        atoms are: N7 C6 C5 C4
 ** Warning: No sp2 improper torsion term for  N*-CB-CB-NC
        atoms are: N9 C5 C4 N3
 ** Warning: No sp2 improper torsion term for  NB-C-CB-CB
        atoms are: N7 C6 C5 C4
 ** Warning: No sp2 improper torsion term for  N*-CB-CB-NC
        atoms are: N9 C5 C4 N3
 ** Warning: No sp2 improper torsion term for  NB-CA-CB-CB
        atoms are: N7 C6 C5 C4
 ** Warning: No sp2 improper torsion term for  N*-CB-CB-NC
        atoms are: N9 C5 C4 N3
 ** Warning: No sp2 improper torsion term for  NB-C-CB-CB
        atoms are: N7 C6 C5 C4
 total 70 improper torsions applied
Building H-Bond parameters.
Incorporating Non-Bonded adjustments.
Not Marking per-residue atom chain types.
Marking per-residue atom chain types.
 (no restraints)
> saveamberparm intercalator intercalator-dry.prmtop intercalator-dry.inpcrd
Checking Unit.
Building topology.
Building atom parameters.
Building bond parameters.
Building angle parameters.
Building proper torsion parameters.
Building improper torsion parameters.
 total 19 improper torsions applied
Building H-Bond parameters.
Incorporating Non-Bonded adjustments.
Not Marking per-residue atom chain types.
Marking per-residue atom chain types.
  (Residues lacking connect0/connect1 - 
   these don't have chain types marked:

	res	total affected

	UNL	1
  )
 (no restraints)
> saveamberparm complex complex-dry.prmtop complex-dry.inpcrd
Checking Unit.
WARNING: The unperturbed charge of the unit: -9.999998 is not zero.

 -- ignoring the warning.

Building topology.
Building atom parameters.
Building bond parameters.
Building angle parameters.
Building proper torsion parameters.
Building improper torsion parameters.
 ** Warning: No sp2 improper torsion term for  NB-C-CB-CB
        atoms are: N7 C6 C5 C4
 ** Warning: No sp2 improper torsion term for  N*-CB-CB-NC
        atoms are: N9 C5 C4 N3
 ** Warning: No sp2 improper torsion term for  NB-CA-CB-CB
        atoms are: N7 C6 C5 C4
 ** Warning: No sp2 improper torsion term for  N*-CB-CB-NC
        atoms are: N9 C5 C4 N3
 ** Warning: No sp2 improper torsion term for  NB-C-CB-CB
        atoms are: N7 C6 C5 C4
 ** Warning: No sp2 improper torsion term for  N*-CB-CB-NC
        atoms are: N9 C5 C4 N3
 ** Warning: No sp2 improper torsion term for  NB-C-CB-CB
        atoms are: N7 C6 C5 C4
 ** Warning: No sp2 improper torsion term for  N*-CB-CB-NC
        atoms are: N9 C5 C4 N3
 ** Warning: No sp2 improper torsion term for  NB-CA-CB-CB
        atoms are: N7 C6 C5 C4
 ** Warning: No sp2 improper torsion term for  N*-CB-CB-NC
        atoms are: N9 C5 C4 N3
 ** Warning: No sp2 improper torsion term for  NB-C-CB-CB
        atoms are: N7 C6 C5 C4
 ** Warning: No sp2 improper torsion term for  N*-CB-CB-NC
        atoms are: N9 C5 C4 N3
 total 89 improper torsions applied
Building H-Bond parameters.
Incorporating Non-Bonded adjustments.
Not Marking per-residue atom chain types.
Marking per-residue atom chain types.
  (Residues lacking connect0/connect1 - 
   these don't have chain types marked:

	res	total affected

	UNL	1
  )
 (no restraints)
> 
> solvateBox intercalator TIP4PEWBOX 10.0 iso
  Solute vdw bounding box:              14.589 14.736 6.584
  Total bounding box for atom centers:  34.736 34.736 34.736
      (box expansion for 'iso' is  31.2%)
  Solvent unit box:                     18.860 18.867 18.860
The number of boxes:  x= 2  y= 2  z= 2
Adding box at: x=0  y=0  z=0
Center of solvent box is: 9.430000, 9.433500, 9.430000
Adding box at: x=0  y=0  z=1
Center of solvent box is: 9.430000, 9.433500, -9.430000
Adding box at: x=0  y=1  z=0
Center of solvent box is: 9.430000, -9.433500, 9.430000
Adding box at: x=0  y=1  z=1
Center of solvent box is: 9.430000, -9.433500, -9.430000
Adding box at: x=1  y=0  z=0
Center of solvent box is: -9.430000, 9.433500, 9.430000
Adding box at: x=1  y=0  z=1
Center of solvent box is: -9.430000, 9.433500, -9.430000
Adding box at: x=1  y=1  z=0
Center of solvent box is: -9.430000, -9.433500, 9.430000
Adding box at: x=1  y=1  z=1
Center of solvent box is: -9.430000, -9.433500, -9.430000
  Volume: 54197.838 A^3 
  Total mass 22301.924 amu,  Density 0.683 g/cc
  Added 1219 residues.
> addIonsRand intercalator Na+ 0
addIonsRand: 1st Ion & target are the same charge:
     can't neutralize.
> 
> solvateBox complex TIP4PEWBOX 14.0 iso
  Solute vdw bounding box:              23.272 23.418 31.579
  Total bounding box for atom centers:  59.579 59.579 59.579
      (box expansion for 'iso' is  34.6%)
  Solvent unit box:                     18.860 18.867 18.860
The number of boxes:  x= 4  y= 4  z= 4
Adding box at: x=0  y=0  z=0
Center of solvent box is: 28.290000, 28.300500, 28.290000
Adding box at: x=0  y=0  z=1
Center of solvent box is: 28.290000, 28.300500, 9.430000
Adding box at: x=0  y=0  z=2
Center of solvent box is: 28.290000, 28.300500, -9.430000
Adding box at: x=0  y=0  z=3
Center of solvent box is: 28.290000, 28.300500, -28.290000
Adding box at: x=0  y=1  z=0
Center of solvent box is: 28.290000, 9.433500, 28.290000
Adding box at: x=0  y=1  z=1
Center of solvent box is: 28.290000, 9.433500, 9.430000
Adding box at: x=0  y=1  z=2
Center of solvent box is: 28.290000, 9.433500, -9.430000
Adding box at: x=0  y=1  z=3
Center of solvent box is: 28.290000, 9.433500, -28.290000
Adding box at: x=0  y=2  z=0
Center of solvent box is: 28.290000, -9.433500, 28.290000
Adding box at: x=0  y=2  z=1
Center of solvent box is: 28.290000, -9.433500, 9.430000
Adding box at: x=0  y=2  z=2
Center of solvent box is: 28.290000, -9.433500, -9.430000
Adding box at: x=0  y=2  z=3
Center of solvent box is: 28.290000, -9.433500, -28.290000
Adding box at: x=0  y=3  z=0
Center of solvent box is: 28.290000, -28.300500, 28.290000
Adding box at: x=0  y=3  z=1
Center of solvent box is: 28.290000, -28.300500, 9.430000
Adding box at: x=0  y=3  z=2
Center of solvent box is: 28.290000, -28.300500, -9.430000
Adding box at: x=0  y=3  z=3
Center of solvent box is: 28.290000, -28.300500, -28.290000
Adding box at: x=1  y=0  z=0
Center of solvent box is: 9.430000, 28.300500, 28.290000
Adding box at: x=1  y=0  z=1
Center of solvent box is: 9.430000, 28.300500, 9.430000
Adding box at: x=1  y=0  z=2
Center of solvent box is: 9.430000, 28.300500, -9.430000
Adding box at: x=1  y=0  z=3
Center of solvent box is: 9.430000, 28.300500, -28.290000
Adding box at: x=1  y=1  z=0
Center of solvent box is: 9.430000, 9.433500, 28.290000
Adding box at: x=1  y=1  z=1
Center of solvent box is: 9.430000, 9.433500, 9.430000
Adding box at: x=1  y=1  z=2
Center of solvent box is: 9.430000, 9.433500, -9.430000
Adding box at: x=1  y=1  z=3
Center of solvent box is: 9.430000, 9.433500, -28.290000
Adding box at: x=1  y=2  z=0
Center of solvent box is: 9.430000, -9.433500, 28.290000
Adding box at: x=1  y=2  z=1
Center of solvent box is: 9.430000, -9.433500, 9.430000
Adding box at: x=1  y=2  z=2
Center of solvent box is: 9.430000, -9.433500, -9.430000
Adding box at: x=1  y=2  z=3
Center of solvent box is: 9.430000, -9.433500, -28.290000
Adding box at: x=1  y=3  z=0
Center of solvent box is: 9.430000, -28.300500, 28.290000
Adding box at: x=1  y=3  z=1
Center of solvent box is: 9.430000, -28.300500, 9.430000
Adding box at: x=1  y=3  z=2
Center of solvent box is: 9.430000, -28.300500, -9.430000
Adding box at: x=1  y=3  z=3
Center of solvent box is: 9.430000, -28.300500, -28.290000
Adding box at: x=2  y=0  z=0
Center of solvent box is: -9.430000, 28.300500, 28.290000
Adding box at: x=2  y=0  z=1
Center of solvent box is: -9.430000, 28.300500, 9.430000
Adding box at: x=2  y=0  z=2
Center of solvent box is: -9.430000, 28.300500, -9.430000
Adding box at: x=2  y=0  z=3
Center of solvent box is: -9.430000, 28.300500, -28.290000
Adding box at: x=2  y=1  z=0
Center of solvent box is: -9.430000, 9.433500, 28.290000
Adding box at: x=2  y=1  z=1
Center of solvent box is: -9.430000, 9.433500, 9.430000
Adding box at: x=2  y=1  z=2
Center of solvent box is: -9.430000, 9.433500, -9.430000
Adding box at: x=2  y=1  z=3
Center of solvent box is: -9.430000, 9.433500, -28.290000
Adding box at: x=2  y=2  z=0
Center of solvent box is: -9.430000, -9.433500, 28.290000
Adding box at: x=2  y=2  z=1
Center of solvent box is: -9.430000, -9.433500, 9.430000
Adding box at: x=2  y=2  z=2
Center of solvent box is: -9.430000, -9.433500, -9.430000
Adding box at: x=2  y=2  z=3
Center of solvent box is: -9.430000, -9.433500, -28.290000
Adding box at: x=2  y=3  z=0
Center of solvent box is: -9.430000, -28.300500, 28.290000
Adding box at: x=2  y=3  z=1
Center of solvent box is: -9.430000, -28.300500, 9.430000
Adding box at: x=2  y=3  z=2
Center of solvent box is: -9.430000, -28.300500, -9.430000
Adding box at: x=2  y=3  z=3
Center of solvent box is: -9.430000, -28.300500, -28.290000
Adding box at: x=3  y=0  z=0
Center of solvent box is: -28.290000, 28.300500, 28.290000
Adding box at: x=3  y=0  z=1
Center of solvent box is: -28.290000, 28.300500, 9.430000
Adding box at: x=3  y=0  z=2
Center of solvent box is: -28.290000, 28.300500, -9.430000
Adding box at: x=3  y=0  z=3
Center of solvent box is: -28.290000, 28.300500, -28.290000
Adding box at: x=3  y=1  z=0
Center of solvent box is: -28.290000, 9.433500, 28.290000
Adding box at: x=3  y=1  z=1
Center of solvent box is: -28.290000, 9.433500, 9.430000
Adding box at: x=3  y=1  z=2
Center of solvent box is: -28.290000, 9.433500, -9.430000
Adding box at: x=3  y=1  z=3
Center of solvent box is: -28.290000, 9.433500, -28.290000
Adding box at: x=3  y=2  z=0
Center of solvent box is: -28.290000, -9.433500, 28.290000
Adding box at: x=3  y=2  z=1
Center of solvent box is: -28.290000, -9.433500, 9.430000
Adding box at: x=3  y=2  z=2
Center of solvent box is: -28.290000, -9.433500, -9.430000
Adding box at: x=3  y=2  z=3
Center of solvent box is: -28.290000, -9.433500, -28.290000
Adding box at: x=3  y=3  z=0
Center of solvent box is: -28.290000, -28.300500, 28.290000
Adding box at: x=3  y=3  z=1
Center of solvent box is: -28.290000, -28.300500, 9.430000
Adding box at: x=3  y=3  z=2
Center of solvent box is: -28.290000, -28.300500, -9.430000
Adding box at: x=3  y=3  z=3
Center of solvent box is: -28.290000, -28.300500, -28.290000
  Volume: 245556.895 A^3 
  Total mass 115812.112 amu,  Density 0.783 g/cc
  Added 6211 residues.
> addIonsRand complex Na+ 0
10 Na+ ions required to neutralize.
Adding 10 counter ions to "complex". 6201 solvent molecules will remain.
0: Placed Na+ in complex at (24.28, -22.95, 12.60).
0: Placed Na+ in complex at (17.94, -10.77, 13.77).
0: Placed Na+ in complex at (24.62, -27.93, -28.58).
0: Placed Na+ in complex at (-19.77, 11.20, 22.36).
0: Placed Na+ in complex at (-10.73, -4.04, 28.13).
0: Placed Na+ in complex at (-25.97, 9.58, 10.72).
0: Placed Na+ in complex at (26.01, 24.36, -1.06).
0: Placed Na+ in complex at (-0.47, 17.90, 21.73).
0: Placed Na+ in complex at (19.10, -29.48, 23.05).
0: Placed Na+ in complex at (11.75, -28.16, -27.00).
> 
> saveamberparm intercalator intercalator.prmtop intercalator.inpcrd
Checking Unit.

 -- ignoring the warnings.

Building topology.
Building atom parameters.
Building bond parameters.
Building angle parameters.
Building proper torsion parameters.
Building improper torsion parameters.
 total 19 improper torsions applied
Building H-Bond parameters.
Incorporating Non-Bonded adjustments.
Not Marking per-residue atom chain types.
Marking per-residue atom chain types.
  (Residues lacking connect0/connect1 - 
   these don't have chain types marked:

	res	total affected

	UNL	1
  )
 (no restraints)
> saveamberparm complex complex.prmtop complex.inpcrd
Checking Unit.

 -- ignoring the warnings.

Building topology.
Building atom parameters.
Building bond parameters.
Building angle parameters.
Building proper torsion parameters.
Building improper torsion parameters.
 ** Warning: No sp2 improper torsion term for  NB-C-CB-CB
        atoms are: N7 C6 C5 C4
 ** Warning: No sp2 improper torsion term for  N*-CB-CB-NC
        atoms are: N9 C5 C4 N3
 ** Warning: No sp2 improper torsion term for  NB-CA-CB-CB
        atoms are: N7 C6 C5 C4
 ** Warning: No sp2 improper torsion term for  N*-CB-CB-NC
        atoms are: N9 C5 C4 N3
 ** Warning: No sp2 improper torsion term for  NB-C-CB-CB
        atoms are: N7 C6 C5 C4
 ** Warning: No sp2 improper torsion term for  N*-CB-CB-NC
        atoms are: N9 C5 C4 N3
 ** Warning: No sp2 improper torsion term for  NB-C-CB-CB
        atoms are: N7 C6 C5 C4
 ** Warning: No sp2 improper torsion term for  N*-CB-CB-NC
        atoms are: N9 C5 C4 N3
 ** Warning: No sp2 improper torsion term for  NB-CA-CB-CB
        atoms are: N7 C6 C5 C4
 ** Warning: No sp2 improper torsion term for  N*-CB-CB-NC
        atoms are: N9 C5 C4 N3
 ** Warning: No sp2 improper torsion term for  NB-C-CB-CB
        atoms are: N7 C6 C5 C4
 ** Warning: No sp2 improper torsion term for  N*-CB-CB-NC
        atoms are: N9 C5 C4 N3
 total 89 improper torsions applied
Building H-Bond parameters.
Incorporating Non-Bonded adjustments.
Not Marking per-residue atom chain types.
Marking per-residue atom chain types.
  (Residues lacking connect0/connect1 - 
   these don't have chain types marked:

	res	total affected

	UNL	1
  )
 (no restraints)
> 
> quit
	Quit
